<?xml version="1.0" encoding="UTF-8"?>
<!-- Generated by org.testng.reporters.JUnitReportReporter -->
<testsuite hostname="Deepstry-PC" failures="0" tests="2" name="com.mit.runners.TestRunner" time="4.535" errors="2" timestamp="24 Nov 2024 16:44:44 GMT" skipped="0">
  <testcase classname="com.mit.runners.TestRunner" name="runScenario" time="2.225">
    <error message="Cannot invoke &quot;org.openqa.selenium.WebDriver.findElement(org.openqa.selenium.By)&quot; because &quot;this.driver&quot; is null" type="java.lang.NullPointerException">
      <![CDATA[java.lang.NullPointerException: Cannot invoke "org.openqa.selenium.WebDriver.findElement(org.openqa.selenium.By)" because "this.driver" is null
at com.mit.steps.GoogleSearchfeature.i_enter_search(GoogleSearchfeature.java:36)
at ✽.I enter search "Quality Assurance"(file:///C:/Users/deept/eclipse-workspace/FrameworkNove10th/features/GoogleSearch.feature:6)
]]>
    </error>
  </testcase> <!-- runScenario -->
  <testcase classname="com.mit.runners.TestRunner" name="runScenario" time="2.310">
    <error message="Cannot invoke &quot;org.openqa.selenium.WebDriver.findElement(org.openqa.selenium.By)&quot; because &quot;this.driver&quot; is null" type="java.lang.NullPointerException">
      <![CDATA[java.lang.NullPointerException: Cannot invoke "org.openqa.selenium.WebDriver.findElement(org.openqa.selenium.By)" because "this.driver" is null
at com.mit.steps.GoogleSearchfeature.i_enter_search(GoogleSearchfeature.java:36)
at ✽.I enter search "Software Testing"(file:///C:/Users/deept/eclipse-workspace/FrameworkNove10th/features/GoogleSearch.feature:6)
]]>
    </error>
  </testcase> <!-- runScenario -->
</testsuite> <!-- com.mit.runners.TestRunner -->
