<?xml version="1.0" encoding="UTF-8"?>
<!-- Generated by org.testng.reporters.JUnitReportReporter -->
<testsuite hostname="Deepstry-PC" failures="0" tests="2" name="com.mit.runners.TestRunner" time="0.165" errors="0" timestamp="10 Nov 2024 19:49:59 GMT" skipped="0">
  <testcase classname="com.mit.runners.TestRunner" name="runScenario" time="0.161"/>
  <testcase classname="com.mit.runners.TestRunner" name="runScenario" time="0.004"/>
</testsuite> <!-- com.mit.runners.TestRunner -->
